[2m2026-03-03T22:16:32.414682Z[0m [32m INFO[0m ThreadId(01) [2mswitchboard::cli::commands::gateway[0m[2m:[0m [2msrc/cli/commands/gateway.rs[0m[2m:[0m[2m144:[0m Logging initialized: file=.switchboard/gateway.log
[2m2026-03-03T22:16:32.415709Z[0m [32m INFO[0m ThreadId(01) [2mswitchboard::cli::commands::gateway[0m[2m:[0m [2msrc/cli/commands/gateway.rs[0m[2m:[0m[2m196:[0m Gateway configuration loaded: http_port=8080, ws_port=9000
[2m2026-03-03T22:16:32.415778Z[0m [32m INFO[0m ThreadId(01) [2mswitchboard::cli::commands::gateway[0m[2m:[0m [2msrc/cli/commands/gateway.rs[0m[2m:[0m[2m205:[0m Starting gateway server on 0.0.0.0:8080
[2m2026-03-03T22:16:32.417809Z[0m [32m INFO[0m ThreadId(01) [2mgateway::server[0m[2m:[0m [2msrc/gateway/server.rs[0m[2m:[0m[2m306:[0m === Gateway Server Starting === [3mhost[0m[2m=[0m0.0.0.0 [3mhttp_port[0m[2m=[0m8080 [3mws_port[0m[2m=[0m9000 [3mpid_file[0m[2m=[0m.switchboard/gateway.pid [3mdiscord_configured[0m[2m=[0mtrue
[2m2026-03-03T22:16:32.418207Z[0m [32m INFO[0m ThreadId(01) [2mgateway::server[0m[2m:[0m [2msrc/gateway/server.rs[0m[2m:[0m[2m347:[0m Binding to address: 0.0.0.0:8080
[2m2026-03-03T22:16:32.418756Z[0m [32m INFO[0m ThreadId(01) [2mgateway::server[0m[2m:[0m [2msrc/gateway/server.rs[0m[2m:[0m[2m369:[0m Discord Gateway enabled, starting connection...
[2m2026-03-03T22:16:32.420394Z[0m [32m INFO[0m ThreadId(01) [2mgateway::server[0m[2m:[0m [2msrc/gateway/server.rs[0m[2m:[0m[2m461:[0m Discord Gateway event loop started
[2m2026-03-03T22:16:32.421830Z[0m [32m INFO[0m ThreadId(21) [2mgateway::discord[0m[2m:[0m [2msrc/gateway/server.rs[0m[2m:[0m[2m387:[0m Starting Discord Gateway connection...
[2m2026-03-03T22:16:32.429801Z[0m [32m INFO[0m ThreadId(01) [2mgateway::server[0m[2m:[0m [2msrc/gateway/server.rs[0m[2m:[0m[2m481:[0m Gateway HTTP server listening on 0.0.0.0:8080
[2m2026-03-03T22:16:32.433386Z[0m [32m INFO[0m ThreadId(01) [2mswitchboard::gateway::pid[0m[2m:[0m [2msrc/gateway/pid.rs[0m[2m:[0m[2m72:[0m Created PID file at .switchboard/gateway.pid with PID 10008
[2m2026-03-03T22:16:32.433938Z[0m [32m INFO[0m ThreadId(01) [2mgateway::server[0m[2m:[0m [2msrc/gateway/server.rs[0m[2m:[0m[2m495:[0m PID file created at: .switchboard/gateway.pid
[2m2026-03-03T22:16:32.514578Z[0m [32m INFO[0m ThreadId(21) [2mgateway::discord[0m[2m:[0m [2msrc/discord/gateway.rs[0m[2m:[0m[2m125:[0m Created twilight-gateway Discord Gateway with intents: Intents(GUILD_MESSAGES | DIRECT_MESSAGES | MESSAGE_CONTENT)
[2m2026-03-03T22:16:32.520582Z[0m [32m INFO[0m ThreadId(21) [2mgateway::discord[0m[2m:[0m [2msrc/discord/gateway.rs[0m[2m:[0m[2m125:[0m Created twilight-gateway Discord Gateway with intents: Intents(GUILD_MESSAGES | DIRECT_MESSAGES | MESSAGE_CONTENT)
[2m2026-03-03T22:16:32.521337Z[0m [32m INFO[0m ThreadId(21) [2mgateway::discord[0m[2m:[0m [2msrc/discord/gateway.rs[0m[2m:[0m[2m161:[0m Starting Discord Gateway event loop...
[2m2026-03-03T22:16:32.521458Z[0m [32m INFO[0m ThreadId(21) [2mswitchboard::gateway::server[0m[2m:[0m [2msrc/gateway/server.rs[0m[2m:[0m[2m578:[0m Discord event processor started
[2m2026-03-03T22:16:33.921233Z[0m [32m INFO[0m ThreadId(17) [2mgateway::discord[0m[2m:[0m [2msrc/discord/gateway.rs[0m[2m:[0m[2m247:[0m Gateway connected - user_id: 1466551329999818866, session_id: 6a8816b4d72ae3ccc45b451eaf688de7
[2m2026-03-03T22:16:33.921726Z[0m [32m INFO[0m ThreadId(17) [2mswitchboard::gateway::server[0m[2m:[0m [2msrc/gateway/server.rs[0m[2m:[0m[2m640:[0m Discord Gateway ready: user_id=1466551329999818866, session_id=6a8816b4d72ae3ccc45b451eaf688de7
[2m2026-03-03T22:16:37.335363Z[0m [32m INFO[0m ThreadId(17) [2mgateway::server[0m[2m:[0m [2msrc/gateway/server.rs[0m[2m:[0m[2m555:[0m Received SIGTERM, initiating graceful shutdown...
[2m2026-03-03T22:16:37.335387Z[0m [32m INFO[0m ThreadId(17) [2mswitchboard::gateway::server[0m[2m:[0m [2msrc/gateway/server.rs[0m[2m:[0m[2m567:[0m Shutdown signal received, starting graceful shutdown...
[2m2026-03-03T22:16:37.336161Z[0m [32m INFO[0m ThreadId(01) [2mgateway::server[0m[2m:[0m [2msrc/gateway/server.rs[0m[2m:[0m[2m508:[0m Gateway HTTP server shutdown complete
[2m2026-03-03T22:16:37.337983Z[0m [32m INFO[0m ThreadId(01) [2mswitchboard::gateway::pid[0m[2m:[0m [2msrc/gateway/pid.rs[0m[2m:[0m[2m166:[0m Removed PID file at .switchboard/gateway.pid
[2m2026-03-03T22:16:37.338024Z[0m [32m INFO[0m ThreadId(01) [2mgateway::server[0m[2m:[0m [2msrc/gateway/server.rs[0m[2m:[0m[2m521:[0m PID file cleaned up successfully
[2m2026-03-03T22:16:37.338032Z[0m [32m INFO[0m ThreadId(01) [2mgateway::server[0m[2m:[0m [2msrc/gateway/server.rs[0m[2m:[0m[2m527:[0m === Gateway Server Stopped ===
[2m2026-03-03T22:16:37.338051Z[0m [32m INFO[0m ThreadId(01) [2mswitchboard::cli::commands::gateway[0m[2m:[0m [2msrc/cli/commands/gateway.rs[0m[2m:[0m[2m210:[0m Gateway server stopped
